Arguments: 
  C:\Program Files\nodejs\node.exe C:\Users\julia\AppData\Roaming\npm\node_modules\yarn\bin\yarn.js add express express-fileUpload

PATH: 
  C:\Program Files (x86)\Common Files\Oracle\Java\javapath;C:\Windows\system32;C:\Windows;C:\Windows\System32\Wbem;C:\Windows\System32\WindowsPowerShell\v1.0\;C:\Windows\System32\OpenSSH\;C:\Program Files\NVIDIA Corporation\NVIDIA NvDLISR;C:\Program Files (x86)\NVIDIA Corporation\PhysX\Common;C:\Program Files\Microsoft SQL Server\120\Tools\Binn\;C:\Program Files\dotnet\;C:\Program Files\nodejs\;C:\ProgramData\chocolatey\bin;C:\Program Files\Git\cmd;C:\Program Files\Docker\Docker\resources\bin;C:\Users\julia\AppData\Local\Programs\Python\Python310\Scripts\;C:\Users\julia\AppData\Local\Programs\Python\Python310\;C:\Users\julia\AppData\Local\Microsoft\WindowsApps;C:\Users\julia\AppData\Roaming\npm;C:\Users\julia\AppData\Local\Programs\Microsoft VS Code\bin

Yarn version: 
  1.22.19

Node version: 
  18.12.1

Platform: 
  win32 x64

Trace: 
  Error: https://registry.yarnpkg.com/express-fileUpload: Not found
      at params.callback [as _callback] (C:\Users\julia\AppData\Roaming\npm\node_modules\yarn\lib\cli.js:66145:18)
      at self.callback (C:\Users\julia\AppData\Roaming\npm\node_modules\yarn\lib\cli.js:140890:22)
      at Request.emit (node:events:513:28)
      at Request.<anonymous> (C:\Users\julia\AppData\Roaming\npm\node_modules\yarn\lib\cli.js:141862:10)
      at Request.emit (node:events:513:28)
      at IncomingMessage.<anonymous> (C:\Users\julia\AppData\Roaming\npm\node_modules\yarn\lib\cli.js:141784:12)
      at Object.onceWrapper (node:events:627:28)
      at IncomingMessage.emit (node:events:525:35)
      at endReadableNT (node:internal/streams/readable:1359:12)
      at process.processTicksAndRejections (node:internal/process/task_queues:82:21)

npm manifest: 
  {
    "name": "IFCloud",
    "version": "1.0.0",
    "description": "",
    "author": "Juliano Machado",
    "license": "ISC",
    "main": "node_src/server.js",
    "scripts": {
      "test": "echo \"Error: no test specified\" && exit 1",
      "dev": "nodemon node_src/server.js",
      "start": "nodemon node_src/server.js"
    },
    "dependencies": {
      "axios": "^1.3.4",
      "body-parser": "^1.19.0",
      "dotenv": "^8.2.0",
      "express": "^4.18.2",
      "yarn": "^1.22.19"
    },
    "devDependencies": {
      "nodemon": "^2.0.22"
    }
  }

yarn manifest: 
  No manifest

Lockfile: 
  No lockfile
